<?xml version="1.0" encoding="UTF-8"?>
<!-- Generated by org.testng.reporters.JUnitReportReporter -->
<testsuite hostname="DESKTOP-I88FHVL" name="com.learning.selenium.SearchIphoneTest" tests="1" failures="0" timestamp="12 Nov 2016 20:53:29 GMT" time="10.091" errors="0">
  <testcase name="testSearchIphone7RecordScript" time="10.091" classname="com.learning.selenium.SearchIphoneTest"/>
</testsuite> <!-- com.learning.selenium.SearchIphoneTest -->
