<?xml version="1.0" encoding="UTF-8"?>
<!-- Generated by org.testng.reporters.JUnitReportReporter -->
<testsuite hostname="Home_Dell" name="com.selenium.week7.JqueryAutomation" tests="1" failures="0" timestamp="26 Dec 2016 19:28:00 GMT" time="26.781" errors="0">
  <testcase name="mouseHoverOverActionTesting" time="26.781" classname="com.selenium.week7.JqueryAutomation"/>
</testsuite> <!-- com.selenium.week7.JqueryAutomation -->
