<?xml version="1.0" encoding="UTF-8"?>
<!-- Generated by org.testng.reporters.JUnitReportReporter -->
<testsuite hostname="DESKTOP-I88FHVL" name="com.selenium.week4.MorgageCalculatorTest" tests="1" failures="0" timestamp="7 Dec 2016 15:27:48 GMT" time="36.301" errors="0">
  <testcase name="testing_MorgageCalculator" time="36.301" classname="com.selenium.week4.MorgageCalculatorTest"/>
</testsuite> <!-- com.selenium.week4.MorgageCalculatorTest -->
