<?xml version="1.0" encoding="UTF-8"?>
<!-- Generated by org.testng.reporters.JUnitReportReporter -->
<testsuite hostname="Home_Dell" name="com.selenium.week8.greatcourses.tests.GreatCoursesRegressionTests" tests="1" failures="0" timestamp="26 Jan 2017 03:50:42 GMT" time="51.882" errors="0">
  <testcase name="buyCourseTest" time="51.882" classname="com.selenium.week8.greatcourses.tests.GreatCoursesRegressionTests"/>
</testsuite> <!-- com.selenium.week8.greatcourses.tests.GreatCoursesRegressionTests -->
