<?xml version="1.0" encoding="UTF-8"?>
<!-- Generated by org.testng.reporters.JUnitReportReporter -->
<testsuite hostname="Home_Dell" name="com.selenium.week6.UnitedAutomationTests" tests="1" failures="0" timestamp="24 Dec 2016 18:21:10 GMT" time="120.656" errors="0">
  <testcase name="searchTeaket" time="120.656" classname="com.selenium.week6.UnitedAutomationTests"/>
</testsuite> <!-- com.selenium.week6.UnitedAutomationTests -->
