<?xml version="1.0" encoding="UTF-8"?>
<!-- Generated by org.testng.reporters.JUnitReportReporter -->
<testsuite hostname="DESKTOP-I88FHVL" name="com.selenium.week5.BrowserCommandsTests" tests="1" failures="0" timestamp="10 Dec 2016 21:05:44 GMT" time="17.134" errors="0">
  <testcase name="learn_ExpliciteWait_Testing" time="17.134" classname="com.selenium.week5.BrowserCommandsTests"/>
</testsuite> <!-- com.selenium.week5.BrowserCommandsTests -->
